<?xml version="1.0" encoding="UTF-8"?>
<!-- Generated by org.testng.reporters.JUnitReportReporter -->
<testsuite hostname="innobit-HP-Notebook" failures="0" tests="1" name="com.ams.testcases.SideBarTestCases" time="35.874" errors="0" timestamp="2024-03-12T13:01:57 IST" skipped="0">
  <testcase classname="com.ams.testcases.SideBarTestCases" name="CheckExpenditureHeadScreen" time="35.874"/>
</testsuite> <!-- com.ams.testcases.SideBarTestCases -->
