<?xml version="1.0" encoding="UTF-8"?>
<!-- Generated by org.testng.reporters.JUnitReportReporter -->
<testsuite hostname="innobit-HP-Notebook" failures="0" tests="5" name="com.ams.testcases.LoginTestCases" time="47.008" errors="0" timestamp="2024-03-12T12:09:15 IST" skipped="0">
  <testcase classname="com.ams.testcases.LoginTestCases" name="loginWithValidCredentials" time="16.585"/>
  <testcase classname="com.ams.testcases.LoginTestCases" name="loginWithInvalidUserName" time="7.165"/>
  <testcase classname="com.ams.testcases.LoginTestCases" name="loginWithInvalidPassword" time="7.103"/>
  <testcase classname="com.ams.testcases.LoginTestCases" name="loginWithBothInvalidCredentials" time="9.041"/>
  <testcase classname="com.ams.testcases.LoginTestCases" name="CheckEyeIcon" time="7.114"/>
</testsuite> <!-- com.ams.testcases.LoginTestCases -->
