<?xml version="1.0" encoding="UTF-8"?>
<!-- Generated by org.testng.reporters.JUnitReportReporter -->
<testsuite hostname="innobit-HP-Notebook" failures="0" tests="1" name="com.ams.testcases.SideBarTestCases" time="40.148" errors="0" timestamp="2024-03-27T16:35:14 IST" skipped="0">
  <testcase classname="com.ams.testcases.SideBarTestCases" name="CheckExpenditureHeadScreen" time="40.148"/>
</testsuite> <!-- com.ams.testcases.SideBarTestCases -->
