<?xml version="1.0" encoding="UTF-8"?>
<!-- Generated by org.testng.reporters.JUnitReportReporter -->
<testsuite hostname="innobit-HP-Notebook" failures="0" tests="1" name="com.ams.testcases.ExpenditureHeadTestCases" time="26.886" errors="0" timestamp="2024-04-05T12:56:11 IST" skipped="0">
  <testcase classname="com.ams.testcases.ExpenditureHeadTestCases" name="createWithParentName" time="26.886"/>
</testsuite> <!-- com.ams.testcases.ExpenditureHeadTestCases -->
