<?xml version="1.0" encoding="UTF-8"?>
<!-- Generated by org.testng.reporters.JUnitReportReporter -->
<testsuite hostname="innobit-HP-Notebook" failures="0" tests="1" name="com.ams.testcases.LoginTestCases" time="20.174" errors="0" timestamp="2024-03-14T16:52:09 IST" skipped="0">
  <testcase classname="com.ams.testcases.LoginTestCases" name="loginWithValidCredentials" time="20.174"/>
</testsuite> <!-- com.ams.testcases.LoginTestCases -->
