<?xml version="1.0" encoding="UTF-8"?>
<!-- Generated by org.testng.reporters.JUnitReportReporter -->
<testsuite hostname="innobit-HP-Notebook" failures="0" tests="5" name="com.ams.testcases.LoginTestCases" time="48.943" errors="0" timestamp="2024-03-11T16:27:54 IST" skipped="0">
  <testcase classname="com.ams.testcases.LoginTestCases" name="loginWithValidCredentials" time="17.681"/>
  <testcase classname="com.ams.testcases.LoginTestCases" name="loginWithInvalidUserName" time="7.245"/>
  <testcase classname="com.ams.testcases.LoginTestCases" name="loginWithInvalidPassword" time="9.096"/>
  <testcase classname="com.ams.testcases.LoginTestCases" name="loginWithBothInvalidCredentials" time="7.260"/>
  <testcase classname="com.ams.testcases.LoginTestCases" name="CheckEyeIcon" time="7.661"/>
</testsuite> <!-- com.ams.testcases.LoginTestCases -->
